2018-03-08 21:57:43,654 [Worker-1] INFO  c.g.t.t.d.PublishedGradleVersions - Gradle version information cache is up-to-date. Trying to read.
2018-03-08 22:02:05,747 [Worker-8] INFO  c.g.t.t.d.PublishedGradleVersions - Gradle version information cache is up-to-date. Trying to read.
2018-03-08 22:07:52,961 [Worker-9] INFO  c.g.t.t.d.PublishedGradleVersions - Gradle version information cache is up-to-date. Trying to read.
2018-03-08 22:11:25,523 [Worker-9] INFO  c.g.t.t.d.PublishedGradleVersions - Gradle version information cache is up-to-date. Trying to read.
2018-03-08 22:12:21,349 [Worker-9] INFO  o.e.m.c.i.l.LifecycleMappingFactory - Using org.eclipse.m2e.jdt.JarLifecycleMapping lifecycle mapping for MavenProject: cisc.cisc181.edu:FlamingoBLL:0.0.1-SNAPSHOT @ /Users/apple/Desktop/FlamingoBLL1/pom.xml.
2018-03-08 22:12:21,349 [Worker-13] INFO  o.e.m.c.i.l.LifecycleMappingFactory - Using org.eclipse.m2e.jdt.JarLifecycleMapping lifecycle mapping for MavenProject: cisc.cisc181.edu:FlamingoBLL:0.0.1-SNAPSHOT @ /Users/apple/Desktop/FlamingoBLL1/pom.xml.
2018-03-08 22:12:22,903 [Worker-9] INFO  o.e.m.c.i.embedder.EclipseLogger - Using 'UTF-8' encoding to copy filtered resources.
2018-03-08 22:12:22,919 [Worker-9] INFO  o.e.m.c.i.embedder.EclipseLogger - Copying 1 resource
2018-03-08 22:12:23,007 [Worker-9] INFO  o.e.m.c.i.embedder.EclipseLogger - Using 'UTF-8' encoding to copy filtered resources.
2018-03-08 22:12:23,008 [Worker-9] INFO  o.e.m.c.i.embedder.EclipseLogger - Copying 1 resource
2018-03-08 22:12:24,938 [Worker-6] INFO  o.e.m.c.i.l.LifecycleMappingFactory - Using org.eclipse.m2e.jdt.JarLifecycleMapping lifecycle mapping for MavenProject: cisc.cisc181.edu:FlamingoBLL:0.0.1-SNAPSHOT @ /Users/apple/Desktop/FlamingoBLL1/pom.xml.
2018-03-08 22:12:25,412 [Worker-13] INFO  o.e.m.c.i.embedder.EclipseLogger - Using 'UTF-8' encoding to copy filtered resources.
2018-03-08 22:12:25,424 [Worker-13] INFO  o.e.m.c.i.embedder.EclipseLogger - Copying 1 resource
2018-03-08 22:12:25,452 [Worker-13] INFO  o.e.m.c.i.embedder.EclipseLogger - Using 'UTF-8' encoding to copy filtered resources.
2018-03-08 22:12:25,452 [Worker-13] INFO  o.e.m.c.i.embedder.EclipseLogger - Copying 1 resource
2018-03-08 22:12:26,711 [Worker-6] INFO  o.e.m.c.i.embedder.EclipseLogger - Using 'UTF-8' encoding to copy filtered resources.
2018-03-08 22:12:26,713 [Worker-6] INFO  o.e.m.c.i.embedder.EclipseLogger - Copying 0 resource
2018-03-08 22:12:26,719 [Worker-6] INFO  o.e.m.c.i.embedder.EclipseLogger - Using 'UTF-8' encoding to copy filtered resources.
2018-03-08 22:12:26,719 [Worker-6] INFO  o.e.m.c.i.embedder.EclipseLogger - Copying 0 resource
2018-03-08 22:15:47,223 [Worker-3] INFO  o.e.m.c.i.embedder.EclipseLogger - Using 'UTF-8' encoding to copy filtered resources.
2018-03-08 22:15:47,224 [Worker-3] INFO  o.e.m.c.i.embedder.EclipseLogger - Copying 0 resource
2018-03-08 22:15:47,225 [Worker-3] INFO  o.e.m.c.i.embedder.EclipseLogger - Using 'UTF-8' encoding to copy filtered resources.
2018-03-08 22:15:47,226 [Worker-3] INFO  o.e.m.c.i.embedder.EclipseLogger - Copying 1 resource
2018-03-08 22:17:21,467 [Worker-17] INFO  o.e.m.c.i.embedder.EclipseLogger - Using 'UTF-8' encoding to copy filtered resources.
2018-03-08 22:17:21,468 [Worker-17] INFO  o.e.m.c.i.embedder.EclipseLogger - Copying 0 resource
2018-03-08 22:17:21,471 [Worker-17] INFO  o.e.m.c.i.embedder.EclipseLogger - Using 'UTF-8' encoding to copy filtered resources.
2018-03-08 22:17:21,472 [Worker-17] INFO  o.e.m.c.i.embedder.EclipseLogger - Copying 1 resource
2018-03-08 22:41:04,425 [Worker-19] INFO  o.e.m.c.i.embedder.EclipseLogger - Using 'UTF-8' encoding to copy filtered resources.
2018-03-08 22:41:04,426 [Worker-19] INFO  o.e.m.c.i.embedder.EclipseLogger - Copying 1 resource
2018-03-08 22:41:04,428 [Worker-19] INFO  o.e.m.c.i.embedder.EclipseLogger - Using 'UTF-8' encoding to copy filtered resources.
2018-03-08 22:41:04,429 [Worker-19] INFO  o.e.m.c.i.embedder.EclipseLogger - Copying 1 resource
2018-03-08 22:43:49,047 [Worker-19] INFO  o.e.m.c.i.embedder.EclipseLogger - Using 'UTF-8' encoding to copy filtered resources.
2018-03-08 22:43:49,048 [Worker-19] INFO  o.e.m.c.i.embedder.EclipseLogger - Copying 0 resource
2018-03-08 22:43:49,061 [Worker-19] INFO  o.e.m.c.i.embedder.EclipseLogger - Using 'UTF-8' encoding to copy filtered resources.
2018-03-08 22:43:49,062 [Worker-19] INFO  o.e.m.c.i.embedder.EclipseLogger - Copying 1 resource
2018-03-08 22:44:09,332 [Worker-19] INFO  o.e.m.c.i.embedder.EclipseLogger - Using 'UTF-8' encoding to copy filtered resources.
2018-03-08 22:44:09,332 [Worker-19] INFO  o.e.m.c.i.embedder.EclipseLogger - Copying 0 resource
2018-03-08 22:44:09,335 [Worker-19] INFO  o.e.m.c.i.embedder.EclipseLogger - Using 'UTF-8' encoding to copy filtered resources.
2018-03-08 22:44:09,335 [Worker-19] INFO  o.e.m.c.i.embedder.EclipseLogger - Copying 1 resource
2018-03-08 22:53:24,910 [main] WARN  org.eclipse.jgit.util.FS - null
2018-03-08 22:53:57,421 [Worker-22] INFO  o.e.m.c.i.embedder.EclipseLogger - Using 'UTF-8' encoding to copy filtered resources.
2018-03-08 22:53:57,421 [Worker-22] INFO  o.e.m.c.i.embedder.EclipseLogger - skip non existing resourceDirectory /Users/apple/Desktop/FlamingoBLL1/src/main/resources
2018-03-08 22:53:57,425 [Worker-22] INFO  o.e.m.c.i.embedder.EclipseLogger - Using 'UTF-8' encoding to copy filtered resources.
2018-03-08 22:53:57,425 [Worker-22] INFO  o.e.m.c.i.embedder.EclipseLogger - skip non existing resourceDirectory /Users/apple/Desktop/FlamingoBLL1/src/test/resources
2018-03-09 10:07:28,537 [Framework stop] ERROR o.e.m.c.i.p.r.ProjectRegistryReader - Can't write workspace state
java.io.FileNotFoundException: /Users/apple/Documents/lab2/FlamingoBLL/.metadata/.plugins/org.eclipse.m2e.core/workspaceState.ser (No such file or directory)
	at java.base/java.io.FileOutputStream.open0(Native Method) ~[na:na]
	at java.base/java.io.FileOutputStream.open(FileOutputStream.java:276) ~[na:na]
	at java.base/java.io.FileOutputStream.<init>(FileOutputStream.java:220) ~[na:na]
	at java.base/java.io.FileOutputStream.<init>(FileOutputStream.java:170) ~[na:na]
	at org.eclipse.m2e.core.internal.project.registry.ProjectRegistryReader.writeWorkspaceState(ProjectRegistryReader.java:127) ~[org.eclipse.m2e.core_1.8.2.20171007-0217.jar:na]
	at org.eclipse.m2e.core.internal.project.registry.ProjectRegistryManager.writeWorkspaceState(ProjectRegistryManager.java:935) [org.eclipse.m2e.core_1.8.2.20171007-0217.jar:na]
	at org.eclipse.m2e.core.internal.MavenPluginActivator.stop(MavenPluginActivator.java:296) [org.eclipse.m2e.core_1.8.2.20171007-0217.jar:na]
	at org.eclipse.osgi.internal.framework.BundleContextImpl$4.run(BundleContextImpl.java:835) [org.eclipse.osgi_3.12.50.v20170928-1321.jar:na]
	at org.eclipse.osgi.internal.framework.BundleContextImpl$4.run(BundleContextImpl.java:1) [org.eclipse.osgi_3.12.50.v20170928-1321.jar:na]
	at java.base/java.security.AccessController.doPrivileged(Native Method) [na:na]
	at org.eclipse.osgi.internal.framework.BundleContextImpl.stop(BundleContextImpl.java:828) [org.eclipse.osgi_3.12.50.v20170928-1321.jar:na]
	at org.eclipse.osgi.internal.framework.EquinoxBundle.stopWorker0(EquinoxBundle.java:947) [org.eclipse.osgi_3.12.50.v20170928-1321.jar:na]
	at org.eclipse.osgi.internal.framework.EquinoxBundle$EquinoxModule.stopWorker(EquinoxBundle.java:314) [org.eclipse.osgi_3.12.50.v20170928-1321.jar:na]
	at org.eclipse.osgi.container.Module.doStop(Module.java:636) [org.eclipse.osgi_3.12.50.v20170928-1321.jar:na]
	at org.eclipse.osgi.container.Module.stop(Module.java:498) [org.eclipse.osgi_3.12.50.v20170928-1321.jar:na]
	at org.eclipse.osgi.container.ModuleContainer$ContainerStartLevel.decStartLevel(ModuleContainer.java:1675) [org.eclipse.osgi_3.12.50.v20170928-1321.jar:na]
	at org.eclipse.osgi.container.ModuleContainer$ContainerStartLevel.doContainerStartLevel(ModuleContainer.java:1594) [org.eclipse.osgi_3.12.50.v20170928-1321.jar:na]
	at org.eclipse.osgi.container.SystemModule.stopWorker(SystemModule.java:270) [org.eclipse.osgi_3.12.50.v20170928-1321.jar:na]
	at org.eclipse.osgi.internal.framework.EquinoxBundle$SystemBundle$EquinoxSystemModule.stopWorker(EquinoxBundle.java:147) [org.eclipse.osgi_3.12.50.v20170928-1321.jar:na]
	at org.eclipse.osgi.container.Module.doStop(Module.java:636) [org.eclipse.osgi_3.12.50.v20170928-1321.jar:na]
	at org.eclipse.osgi.container.Module.stop(Module.java:498) [org.eclipse.osgi_3.12.50.v20170928-1321.jar:na]
	at org.eclipse.osgi.container.SystemModule.stop(SystemModule.java:202) [org.eclipse.osgi_3.12.50.v20170928-1321.jar:na]
	at org.eclipse.osgi.internal.framework.EquinoxBundle$SystemBundle$EquinoxSystemModule$1.run(EquinoxBundle.java:165) [org.eclipse.osgi_3.12.50.v20170928-1321.jar:na]
	at java.base/java.lang.Thread.run(Thread.java:844) [na:na]
